[INFO ] 2024-05-02 20:07:30.482 [TestNG-PoolService-2] LoggerLoad - Current page is :Assessment
[INFO ] 2024-05-02 20:07:30.482 [TestNG-PoolService-4] LoggerLoad - Current page is :Assessment
[INFO ] 2024-05-02 20:07:30.482 [TestNG-PoolService-5] LoggerLoad - Current page is :Assessment
[INFO ] 2024-05-02 20:07:30.482 [TestNG-PoolService-6] LoggerLoad - Current page is :Assessment
[INFO ] 2024-05-02 20:07:30.482 [TestNG-PoolService-3] LoggerLoad - Current page is :Assessment
[INFO ] 2024-05-02 20:07:30.482 [TestNG-PoolService-1] LoggerLoad - Current page is :Assessment
[INFO ] 2024-05-02 20:18:11.529 [main] LoggerLoad - Actual title of current page is*****Operations in Stack
[INFO ] 2024-05-02 21:08:42.640 [TestNG-PoolService-1] LoggerLoad - Actual title of current page is*****Tree
[INFO ] 2024-05-02 21:10:00.874 [TestNG-PoolService-1] LoggerLoad - Actual title of current page is*****Tree
[INFO ] 2024-05-02 21:12:18.149 [TestNG-PoolService-1] LoggerLoad - Actual title of current page is*****Tree
[INFO ] 2024-05-02 21:14:09.878 [TestNG-PoolService-1] LoggerLoad - Actual title of current page is*****Tree
[INFO ] 2024-05-02 21:15:29.194 [TestNG-PoolService-1] LoggerLoad - Actual title of current page is*****Tree
[INFO ] 2024-05-02 21:17:21.847 [TestNG-PoolService-1] LoggerLoad - Actual title of current page is*****Tree
[INFO ] 2024-05-02 21:40:27.632 [TestNG-PoolService-1] LoggerLoad - Current page is :Assessment
[INFO ] 2024-05-02 21:40:32.606 [TestNG-PoolService-2] LoggerLoad - Current page is :Assessment
[INFO ] 2024-05-02 21:41:50.907 [TestNG-PoolService-3] LoggerLoad - Current page is :Assessment
[INFO ] 2024-05-02 21:41:50.907 [TestNG-PoolService-1] LoggerLoad - Current page is :Assessment
[INFO ] 2024-05-02 21:41:54.346 [TestNG-PoolService-7] LoggerLoad - Current page is :Assessment
[INFO ] 2024-05-02 21:41:59.040 [TestNG-PoolService-5] LoggerLoad - Current page is :Assessment
[INFO ] 2024-05-02 21:42:01.353 [TestNG-PoolService-8] LoggerLoad - Current page is :Assessment
[INFO ] 2024-05-02 21:42:01.455 [TestNG-PoolService-6] LoggerLoad - Current page is :Assessment
[INFO ] 2024-05-02 21:42:01.496 [TestNG-PoolService-10] LoggerLoad - Current page is :Assessment
[INFO ] 2024-05-02 21:42:12.159 [TestNG-PoolService-4] LoggerLoad - Current page is :Assessment
[INFO ] 2024-05-02 21:42:12.835 [TestNG-PoolService-9] LoggerLoad - Current page is :Assessment
[INFO ] 2024-05-02 21:42:13.990 [TestNG-PoolService-2] LoggerLoad - Current page is :Assessment
[INFO ] 2024-05-02 21:42:30.757 [TestNG-PoolService-1] LoggerLoad - Current page is :Assessment
[INFO ] 2024-05-02 21:42:30.889 [TestNG-PoolService-8] LoggerLoad - Current page is :Assessment
[INFO ] 2024-05-02 21:48:20.413 [TestNG-PoolService-6] LoggerLoad - Current page is :Assessment
[INFO ] 2024-05-02 21:48:20.845 [TestNG-PoolService-4] LoggerLoad - Current page is :Assessment
[INFO ] 2024-05-02 21:48:20.849 [TestNG-PoolService-3] LoggerLoad - Current page is :Assessment
[INFO ] 2024-05-02 21:48:22.497 [TestNG-PoolService-5] LoggerLoad - Current page is :Assessment
[INFO ] 2024-05-02 21:48:25.250 [TestNG-PoolService-1] LoggerLoad - Current page is :Assessment
[INFO ] 2024-05-02 21:48:28.993 [TestNG-PoolService-8] LoggerLoad - Current page is :Assessment
[INFO ] 2024-05-02 21:48:31.765 [TestNG-PoolService-2] LoggerLoad - Current page is :Assessment
[INFO ] 2024-05-02 21:48:34.547 [TestNG-PoolService-10] LoggerLoad - Current page is :Assessment
[INFO ] 2024-05-02 21:48:36.698 [TestNG-PoolService-9] LoggerLoad - Current page is :Assessment
[INFO ] 2024-05-02 21:48:39.979 [TestNG-PoolService-7] LoggerLoad - Current page is :Assessment
[INFO ] 2024-05-02 21:48:58.362 [TestNG-PoolService-5] LoggerLoad - Current page is :Assessment
[INFO ] 2024-05-02 21:49:00.378 [TestNG-PoolService-8] LoggerLoad - Current page is :Assessment
[INFO ] 2024-05-02 21:58:21.190 [TestNG-PoolService-10] LoggerLoad - Current page is :Assessment
[INFO ] 2024-05-02 21:58:21.190 [TestNG-PoolService-4] LoggerLoad - Current page is :Assessment
[INFO ] 2024-05-02 21:58:25.030 [TestNG-PoolService-3] LoggerLoad - Current page is :Assessment
[INFO ] 2024-05-02 21:58:26.357 [TestNG-PoolService-7] LoggerLoad - Current page is :Assessment
[INFO ] 2024-05-02 21:58:29.309 [TestNG-PoolService-1] LoggerLoad - Current page is :Assessment
[INFO ] 2024-05-02 21:58:35.484 [TestNG-PoolService-5] LoggerLoad - Current page is :Assessment
[INFO ] 2024-05-02 21:58:37.097 [TestNG-PoolService-6] LoggerLoad - Current page is :Assessment
[INFO ] 2024-05-02 21:58:37.108 [TestNG-PoolService-9] LoggerLoad - Current page is :Assessment
[INFO ] 2024-05-02 21:58:37.630 [TestNG-PoolService-8] LoggerLoad - Current page is :Assessment
[INFO ] 2024-05-02 21:58:45.864 [TestNG-PoolService-2] LoggerLoad - Current page is :Assessment
[INFO ] 2024-05-02 21:59:12.450 [TestNG-PoolService-4] LoggerLoad - Current page is :Assessment
[INFO ] 2024-05-02 21:59:16.148 [TestNG-PoolService-3] LoggerLoad - Current page is :Assessment
[INFO ] 2024-05-02 22:01:58.901 [TestNG-PoolService-8] LoggerLoad - Current page is :Assessment
[INFO ] 2024-05-02 22:01:58.901 [TestNG-PoolService-2] LoggerLoad - Current page is :Assessment
[INFO ] 2024-05-02 22:01:58.901 [TestNG-PoolService-1] LoggerLoad - Current page is :Assessment
[INFO ] 2024-05-02 22:01:58.901 [TestNG-PoolService-7] LoggerLoad - Current page is :Assessment
[INFO ] 2024-05-02 22:01:59.830 [TestNG-PoolService-5] LoggerLoad - Current page is :Assessment
[INFO ] 2024-05-02 22:02:00.145 [TestNG-PoolService-9] LoggerLoad - Current page is :Assessment
[INFO ] 2024-05-02 22:02:04.724 [TestNG-PoolService-6] LoggerLoad - Current page is :Assessment
[INFO ] 2024-05-02 22:02:07.281 [TestNG-PoolService-10] LoggerLoad - Current page is :Assessment
[INFO ] 2024-05-02 22:02:18.980 [TestNG-PoolService-4] LoggerLoad - Current page is :Assessment
[INFO ] 2024-05-02 22:02:20.333 [TestNG-PoolService-3] LoggerLoad - Current page is :Assessment
[INFO ] 2024-05-02 22:02:40.465 [TestNG-PoolService-1] LoggerLoad - Current page is :Assessment
[INFO ] 2024-05-02 22:02:40.667 [TestNG-PoolService-7] LoggerLoad - Current page is :Assessment
[INFO ] 2024-05-02 22:05:42.797 [TestNG-PoolService-2] LoggerLoad - Current page is :Assessment
[INFO ] 2024-05-02 22:05:42.797 [TestNG-PoolService-1] LoggerLoad - Current page is :Assessment
[INFO ] 2024-05-02 22:07:27.652 [TestNG-PoolService-2] LoggerLoad - Current page is :Assessment
[INFO ] 2024-05-02 22:07:27.785 [TestNG-PoolService-1] LoggerLoad - Current page is :Assessment
[INFO ] 2024-05-02 22:09:29.414 [TestNG-PoolService-2] LoggerLoad - Current page is :Assessment
[INFO ] 2024-05-02 22:09:31.292 [TestNG-PoolService-1] LoggerLoad - Current page is :Assessment
[INFO ] 2024-05-02 22:11:20.162 [TestNG-PoolService-2] LoggerLoad - Current page is :Assessment
[INFO ] 2024-05-02 22:11:20.162 [TestNG-PoolService-1] LoggerLoad - Current page is :Assessment
[INFO ] 2024-05-02 22:13:09.227 [TestNG-PoolService-2] LoggerLoad - Current page is :Assessment
[INFO ] 2024-05-02 22:13:09.227 [TestNG-PoolService-1] LoggerLoad - Current page is :Assessment
[INFO ] 2024-05-02 22:16:02.296 [TestNG-PoolService-2] LoggerLoad - Actual title of current page is*****Implementation
[INFO ] 2024-05-02 22:16:02.296 [TestNG-PoolService-6] LoggerLoad - Actual title of current page is*****Applications
[INFO ] 2024-05-02 22:16:02.296 [TestNG-PoolService-5] LoggerLoad - Actual title of current page is*****Implementation
[INFO ] 2024-05-02 22:16:03.821 [TestNG-PoolService-1] LoggerLoad - Actual title of current page is*****Operations in Stack
[INFO ] 2024-05-02 22:16:04.921 [TestNG-PoolService-3] LoggerLoad - Actual title of current page is*****Applications
[INFO ] 2024-05-02 22:16:06.337 [TestNG-PoolService-2] LoggerLoad - Current page is :Assessment
[INFO ] 2024-05-02 22:16:06.337 [TestNG-PoolService-5] LoggerLoad - Current page is :Assessment
[INFO ] 2024-05-02 22:16:06.521 [TestNG-PoolService-1] LoggerLoad - Current page is :Assessment
[INFO ] 2024-05-02 22:16:07.981 [TestNG-PoolService-4] LoggerLoad - Actual title of current page is*****Operations in Stack
[INFO ] 2024-05-02 22:16:08.784 [TestNG-PoolService-6] LoggerLoad - Current page is :Assessment
[INFO ] 2024-05-02 22:16:08.785 [TestNG-PoolService-3] LoggerLoad - Current page is :Assessment
[INFO ] 2024-05-02 22:16:10.782 [TestNG-PoolService-4] LoggerLoad - Current page is :Assessment
[INFO ] 2024-05-02 22:17:23.716 [TestNG-PoolService-6] LoggerLoad - Actual title of current page is*****Applications
[INFO ] 2024-05-02 22:17:23.716 [TestNG-PoolService-5] LoggerLoad - Actual title of current page is*****Implementation
[INFO ] 2024-05-02 22:17:24.316 [TestNG-PoolService-1] LoggerLoad - Actual title of current page is*****Operations in Stack
[INFO ] 2024-05-02 22:17:26.852 [TestNG-PoolService-5] LoggerLoad - Current page is :Assessment
[INFO ] 2024-05-02 22:17:26.902 [TestNG-PoolService-1] LoggerLoad - Current page is :Assessment
[INFO ] 2024-05-02 22:17:27.396 [TestNG-PoolService-6] LoggerLoad - Current page is :Assessment
[INFO ] 2024-05-02 22:17:30.623 [TestNG-PoolService-2] LoggerLoad - Actual title of current page is*****Implementation
[INFO ] 2024-05-02 22:17:30.933 [TestNG-PoolService-3] LoggerLoad - Actual title of current page is*****Applications
[INFO ] 2024-05-02 22:17:32.066 [TestNG-PoolService-4] LoggerLoad - Actual title of current page is*****Operations in Stack
[INFO ] 2024-05-02 22:17:33.181 [TestNG-PoolService-2] LoggerLoad - Current page is :Assessment
[INFO ] 2024-05-02 22:17:33.246 [TestNG-PoolService-3] LoggerLoad - Current page is :Assessment
[INFO ] 2024-05-02 22:17:34.193 [TestNG-PoolService-4] LoggerLoad - Current page is :Assessment
[INFO ] 2024-05-02 22:20:42.540 [TestNG-PoolService-1] LoggerLoad - Current page is :Assessment
[INFO ] 2024-05-02 22:20:42.540 [TestNG-PoolService-2] LoggerLoad - Current page is :Assessment
[INFO ] 2024-05-02 22:27:59.703 [TestNG-PoolService-2] LoggerLoad - Current page is :Assessment
[INFO ] 2024-05-02 22:28:01.352 [TestNG-PoolService-1] LoggerLoad - Current page is :Assessment
[INFO ] 2024-05-02 22:30:41.232 [TestNG-PoolService-2] LoggerLoad - Current page is :Assessment
[INFO ] 2024-05-02 22:30:43.302 [TestNG-PoolService-1] LoggerLoad - Current page is :Assessment
[INFO ] 2024-05-02 22:34:44.745 [TestNG-PoolService-1] LoggerLoad - Current page is :Assessment
[INFO ] 2024-05-02 22:34:44.745 [TestNG-PoolService-2] LoggerLoad - Current page is :Assessment
[INFO ] 2024-05-02 22:36:19.555 [TestNG-PoolService-2] LoggerLoad - Actual title of current page is*****Implementation
[INFO ] 2024-05-02 22:36:19.554 [TestNG-PoolService-1] LoggerLoad - Actual title of current page is*****Operations in Stack
[INFO ] 2024-05-02 22:36:19.554 [TestNG-PoolService-5] LoggerLoad - Actual title of current page is*****Implementation
[INFO ] 2024-05-02 22:36:20.228 [TestNG-PoolService-4] LoggerLoad - Actual title of current page is*****Operations in Stack
[INFO ] 2024-05-02 22:36:20.248 [TestNG-PoolService-6] LoggerLoad - Actual title of current page is*****Applications
[INFO ] 2024-05-02 22:36:21.426 [TestNG-PoolService-3] LoggerLoad - Actual title of current page is*****Applications
[INFO ] 2024-05-02 22:36:22.998 [TestNG-PoolService-2] LoggerLoad - Current page is :Assessment
[INFO ] 2024-05-02 22:36:23.022 [TestNG-PoolService-5] LoggerLoad - Current page is :Assessment
[INFO ] 2024-05-02 22:36:23.030 [TestNG-PoolService-1] LoggerLoad - Current page is :Assessment
[INFO ] 2024-05-02 22:36:23.108 [TestNG-PoolService-4] LoggerLoad - Current page is :Assessment
[INFO ] 2024-05-02 22:36:24.145 [TestNG-PoolService-6] LoggerLoad - Current page is :Assessment
[INFO ] 2024-05-02 22:36:25.209 [TestNG-PoolService-3] LoggerLoad - Current page is :Assessment
[INFO ] 2024-05-02 22:41:12.574 [TestNG-PoolService-1] LoggerLoad - Current page is :Assessment
[INFO ] 2024-05-02 22:41:12.733 [TestNG-PoolService-2] LoggerLoad - Current page is :Assessment
[INFO ] 2024-05-02 22:42:04.217 [TestNG-PoolService-1] LoggerLoad - Current page is :Assessment
[INFO ] 2024-05-02 22:42:04.217 [TestNG-PoolService-2] LoggerLoad - Current page is :Assessment
[INFO ] 2024-05-02 22:45:54.095 [TestNG-PoolService-5] LoggerLoad - Current page is :Assessment
[INFO ] 2024-05-02 22:45:59.377 [TestNG-PoolService-10] LoggerLoad - Current page is :Assessment
[INFO ] 2024-05-02 22:46:01.187 [TestNG-PoolService-3] LoggerLoad - Current page is :Assessment
[INFO ] 2024-05-02 22:46:05.149 [TestNG-PoolService-2] LoggerLoad - Current page is :Assessment
[INFO ] 2024-05-02 22:46:07.137 [TestNG-PoolService-4] LoggerLoad - Current page is :Assessment
[INFO ] 2024-05-02 22:46:10.839 [TestNG-PoolService-6] LoggerLoad - Current page is :Assessment
[INFO ] 2024-05-02 22:46:16.305 [TestNG-PoolService-1] LoggerLoad - Current page is :Assessment
[INFO ] 2024-05-02 22:46:16.309 [TestNG-PoolService-7] LoggerLoad - Current page is :Assessment
[INFO ] 2024-05-02 22:46:16.863 [TestNG-PoolService-9] LoggerLoad - Current page is :Assessment
[INFO ] 2024-05-02 22:46:18.175 [TestNG-PoolService-8] LoggerLoad - Current page is :Assessment
[INFO ] 2024-05-02 22:46:37.822 [TestNG-PoolService-2] LoggerLoad - Current page is :Assessment
[INFO ] 2024-05-02 22:46:37.953 [TestNG-PoolService-10] LoggerLoad - Current page is :Assessment
[INFO ] 2024-05-02 22:51:35.404 [TestNG-PoolService-1] LoggerLoad - Current page is :Assessment
[INFO ] 2024-05-02 22:52:53.636 [TestNG-PoolService-1] LoggerLoad - Current page is :Assessment
[INFO ] 2024-05-02 22:53:48.010 [TestNG-PoolService-1] LoggerLoad - Current page is :Assessment
[INFO ] 2024-05-02 22:56:37.577 [TestNG-PoolService-1] LoggerLoad - Current page is :Assessment
[INFO ] 2024-05-02 22:57:43.880 [TestNG-PoolService-1] LoggerLoad - Current page is :Assessment
[INFO ] 2024-05-02 22:58:54.939 [TestNG-PoolService-1] LoggerLoad - Current page is :Assessment
[INFO ] 2024-05-03 10:00:04.127 [TestNG-PoolService-1] LoggerLoad - Actual title of current page is*****Operations in Stack
[INFO ] 2024-05-03 10:00:04.127 [TestNG-PoolService-4] LoggerLoad - Actual title of current page is*****Operations in Stack
[INFO ] 2024-05-03 10:00:04.127 [TestNG-PoolService-2] LoggerLoad - Actual title of current page is*****Implementation
[INFO ] 2024-05-03 10:00:04.127 [TestNG-PoolService-5] LoggerLoad - Actual title of current page is*****Implementation
[INFO ] 2024-05-03 10:00:04.127 [TestNG-PoolService-6] LoggerLoad - Actual title of current page is*****Applications
[INFO ] 2024-05-03 10:00:04.127 [TestNG-PoolService-3] LoggerLoad - Actual title of current page is*****Applications
[INFO ] 2024-05-03 10:00:05.415 [TestNG-PoolService-4] LoggerLoad - Current page is :Assessment
[INFO ] 2024-05-03 10:00:05.420 [TestNG-PoolService-2] LoggerLoad - Current page is :Assessment
[INFO ] 2024-05-03 10:00:05.424 [TestNG-PoolService-5] LoggerLoad - Current page is :Assessment
[INFO ] 2024-05-03 10:00:05.453 [TestNG-PoolService-3] LoggerLoad - Current page is :Assessment
[INFO ] 2024-05-03 10:00:05.470 [TestNG-PoolService-1] LoggerLoad - Current page is :Assessment
[INFO ] 2024-05-03 10:00:05.475 [TestNG-PoolService-6] LoggerLoad - Current page is :Assessment
[INFO ] 2024-05-03 10:02:20.329 [TestNG-PoolService-6] LoggerLoad - Actual title of current page is*****Applications
[INFO ] 2024-05-03 10:02:20.329 [TestNG-PoolService-3] LoggerLoad - Actual title of current page is*****Applications
[INFO ] 2024-05-03 10:02:20.329 [TestNG-PoolService-5] LoggerLoad - Actual title of current page is*****Implementation
[INFO ] 2024-05-03 10:02:20.329 [TestNG-PoolService-2] LoggerLoad - Actual title of current page is*****Implementation
[INFO ] 2024-05-03 10:02:20.329 [TestNG-PoolService-4] LoggerLoad - Actual title of current page is*****Operations in Stack
[INFO ] 2024-05-03 10:02:20.454 [TestNG-PoolService-1] LoggerLoad - Actual title of current page is*****Operations in Stack
[INFO ] 2024-05-03 10:02:21.774 [TestNG-PoolService-6] LoggerLoad - Current page is :Assessment
[INFO ] 2024-05-03 10:02:21.789 [TestNG-PoolService-4] LoggerLoad - Current page is :Assessment
[INFO ] 2024-05-03 10:02:22.007 [TestNG-PoolService-5] LoggerLoad - Current page is :Assessment
[INFO ] 2024-05-03 10:02:22.017 [TestNG-PoolService-2] LoggerLoad - Current page is :Assessment
[INFO ] 2024-05-03 10:02:22.025 [TestNG-PoolService-3] LoggerLoad - Current page is :Assessment
[INFO ] 2024-05-03 10:02:22.943 [TestNG-PoolService-1] LoggerLoad - Current page is :Assessment
[INFO ] 2024-05-03 10:10:49.266 [TestNG-PoolService-2] LoggerLoad - Actual title of current page isImplementation
[INFO ] 2024-05-03 10:10:49.266 [TestNG-PoolService-5] LoggerLoad - Actual title of current page isImplementation
[INFO ] 2024-05-03 10:10:49.264 [TestNG-PoolService-6] LoggerLoad - Actual title of current page isApplications
[INFO ] 2024-05-03 10:10:49.266 [TestNG-PoolService-4] LoggerLoad - Actual title of current page isOperations in Stack
[INFO ] 2024-05-03 10:10:49.340 [TestNG-PoolService-3] LoggerLoad - Actual title of current page isApplications
[INFO ] 2024-05-03 10:10:49.540 [TestNG-PoolService-1] LoggerLoad - Actual title of current page isOperations in Stack
[INFO ] 2024-05-03 10:10:50.317 [TestNG-PoolService-4] LoggerLoad - Current page is :Assessment
[INFO ] 2024-05-03 10:10:50.760 [TestNG-PoolService-2] LoggerLoad - Current page is :Assessment
[INFO ] 2024-05-03 10:10:50.784 [TestNG-PoolService-5] LoggerLoad - Current page is :Assessment
[INFO ] 2024-05-03 10:10:50.806 [TestNG-PoolService-3] LoggerLoad - Current page is :Assessment
[INFO ] 2024-05-03 10:10:50.829 [TestNG-PoolService-1] LoggerLoad - Current page is :Assessment
[INFO ] 2024-05-03 10:10:50.843 [TestNG-PoolService-6] LoggerLoad - Current page is :Assessment
[INFO ] 2024-05-03 10:21:16.651 [TestNG-PoolService-6] LoggerLoad - Actual title of current page isTree
[INFO ] 2024-05-03 10:21:16.651 [TestNG-PoolService-1] LoggerLoad - Actual title of current page isTree
[INFO ] 2024-05-03 10:21:16.651 [TestNG-PoolService-3] LoggerLoad - Actual title of current page isTree
[INFO ] 2024-05-03 10:21:16.738 [TestNG-PoolService-4] LoggerLoad - Actual title of current page isTree
[INFO ] 2024-05-03 10:21:16.997 [TestNG-PoolService-2] LoggerLoad - Actual title of current page isTree
[INFO ] 2024-05-03 10:21:17.012 [TestNG-PoolService-5] LoggerLoad - Actual title of current page isTree
[INFO ] 2024-05-03 10:23:33.735 [TestNG-PoolService-1] LoggerLoad - Actual title of current page isOperations in Stack
[INFO ] 2024-05-03 10:23:33.735 [TestNG-PoolService-3] LoggerLoad - Actual title of current page isApplications
[INFO ] 2024-05-03 10:23:33.735 [TestNG-PoolService-4] LoggerLoad - Actual title of current page isOperations in Stack
[INFO ] 2024-05-03 10:23:33.735 [TestNG-PoolService-5] LoggerLoad - Actual title of current page isImplementation
[INFO ] 2024-05-03 10:23:33.735 [TestNG-PoolService-6] LoggerLoad - Actual title of current page isApplications
[INFO ] 2024-05-03 10:23:34.013 [TestNG-PoolService-2] LoggerLoad - Actual title of current page isImplementation
[INFO ] 2024-05-03 10:23:34.826 [TestNG-PoolService-1] LoggerLoad - Current page is :Assessment
[INFO ] 2024-05-03 10:23:34.839 [TestNG-PoolService-3] LoggerLoad - Current page is :Assessment
[INFO ] 2024-05-03 10:23:34.988 [TestNG-PoolService-6] LoggerLoad - Current page is :Assessment
[INFO ] 2024-05-03 10:23:35.031 [TestNG-PoolService-2] LoggerLoad - Current page is :Assessment
[INFO ] 2024-05-03 10:23:35.037 [TestNG-PoolService-4] LoggerLoad - Current page is :Assessment
[INFO ] 2024-05-03 10:23:35.041 [TestNG-PoolService-5] LoggerLoad - Current page is :Assessment
[INFO ] 2024-05-03 10:34:06.248 [TestNG-PoolService-1] LoggerLoad - Actual title of current page isOperations in Stack
[INFO ] 2024-05-03 10:34:06.248 [TestNG-PoolService-3] LoggerLoad - Actual title of current page isApplications
[INFO ] 2024-05-03 10:34:06.249 [TestNG-PoolService-2] LoggerLoad - Actual title of current page isImplementation
[INFO ] 2024-05-03 10:34:06.249 [TestNG-PoolService-5] LoggerLoad - Actual title of current page isImplementation
[INFO ] 2024-05-03 10:34:06.248 [TestNG-PoolService-6] LoggerLoad - Actual title of current page isApplications
[INFO ] 2024-05-03 10:34:06.849 [TestNG-PoolService-4] LoggerLoad - Actual title of current page isOperations in Stack
[INFO ] 2024-05-03 10:34:07.454 [TestNG-PoolService-2] LoggerLoad - Current page is :Assessment
[INFO ] 2024-05-03 10:34:08.069 [TestNG-PoolService-3] LoggerLoad - Current page is :Assessment
[INFO ] 2024-05-03 10:34:08.070 [TestNG-PoolService-1] LoggerLoad - Current page is :Assessment
[INFO ] 2024-05-03 10:34:08.110 [TestNG-PoolService-5] LoggerLoad - Current page is :Assessment
[INFO ] 2024-05-03 10:34:08.128 [TestNG-PoolService-6] LoggerLoad - Current page is :Assessment
[INFO ] 2024-05-03 10:34:08.139 [TestNG-PoolService-4] LoggerLoad - Current page is :Assessment
[INFO ] 2024-05-03 16:25:06.949 [TestNG-PoolService-6] LoggerLoad - Actual title of current page isApplications
[INFO ] 2024-05-03 16:25:06.953 [TestNG-PoolService-5] LoggerLoad - Actual title of current page isImplementation
[INFO ] 2024-05-03 16:25:07.035 [TestNG-PoolService-1] LoggerLoad - Actual title of current page isOperations in Stack
[INFO ] 2024-05-03 16:25:08.987 [TestNG-PoolService-2] LoggerLoad - Actual title of current page isImplementation
[INFO ] 2024-05-03 16:25:11.171 [TestNG-PoolService-6] LoggerLoad - Current page is :Assessment
[INFO ] 2024-05-03 16:25:11.845 [TestNG-PoolService-5] LoggerLoad - Current page is :Assessment
[INFO ] 2024-05-03 16:25:11.888 [TestNG-PoolService-2] LoggerLoad - Current page is :Assessment
[INFO ] 2024-05-03 16:25:11.916 [TestNG-PoolService-1] LoggerLoad - Current page is :Assessment
[INFO ] 2024-05-03 16:25:21.048 [TestNG-PoolService-4] LoggerLoad - Actual title of current page isOperations in Stack
[INFO ] 2024-05-03 16:25:23.118 [TestNG-PoolService-3] LoggerLoad - Actual title of current page isApplications
[INFO ] 2024-05-03 16:25:25.056 [TestNG-PoolService-4] LoggerLoad - Current page is :Assessment
[INFO ] 2024-05-03 16:25:25.718 [TestNG-PoolService-3] LoggerLoad - Current page is :Assessment
[INFO ] 2024-05-03 17:09:51.827 [TestNG-PoolService-1] LoggerLoad - Actual title of current page isOperations in Stack
[INFO ] 2024-05-03 17:09:52.530 [TestNG-PoolService-2] LoggerLoad - Actual title of current page isOperations in Stack
[INFO ] 2024-05-03 17:09:54.809 [TestNG-PoolService-1] LoggerLoad - Current page is :Assessment
[INFO ] 2024-05-03 17:09:55.153 [TestNG-PoolService-2] LoggerLoad - Current page is :Assessment
[INFO ] 2024-05-03 17:14:16.229 [TestNG-PoolService-2] LoggerLoad - Actual title of current page isOperations in Stack
[INFO ] 2024-05-03 17:14:16.229 [TestNG-PoolService-1] LoggerLoad - Actual title of current page isOperations in Stack
[INFO ] 2024-05-03 17:14:17.653 [TestNG-PoolService-2] LoggerLoad - Current page is :Assessment
[INFO ] 2024-05-03 17:14:18.146 [TestNG-PoolService-1] LoggerLoad - Current page is :Assessment
[INFO ] 2024-05-05 20:48:07.694 [TestNG-PoolService-2] LoggerLoad - Actual title of current page isOperations in Stack
[INFO ] 2024-05-05 20:48:07.694 [TestNG-PoolService-1] LoggerLoad - Actual title of current page isOperations in Stack
[INFO ] 2024-05-05 20:48:08.898 [TestNG-PoolService-1] LoggerLoad - Current page is :Assessment
[INFO ] 2024-05-05 20:48:09.090 [TestNG-PoolService-2] LoggerLoad - Current page is :Assessment
[INFO ] 2024-05-05 20:51:08.316 [TestNG-PoolService-1] LoggerLoad - Actual title of current page isOperations in Stack
[INFO ] 2024-05-05 20:51:12.918 [TestNG-PoolService-1] LoggerLoad - Current page is :Assessment
[INFO ] 2024-05-05 20:52:14.457 [TestNG-PoolService-1] LoggerLoad - Actual title of current page isOperations in Stack
[INFO ] 2024-05-05 20:52:18.463 [TestNG-PoolService-1] LoggerLoad - Current page is :Assessment
[INFO ] 2024-05-05 20:56:19.705 [TestNG-PoolService-1] LoggerLoad - Actual title of current page isOperations in Stack
[INFO ] 2024-05-05 20:56:22.758 [TestNG-PoolService-2] LoggerLoad - Actual title of current page isOperations in Stack
[INFO ] 2024-05-05 20:56:23.520 [TestNG-PoolService-1] LoggerLoad - Current page is :Assessment
[INFO ] 2024-05-05 20:56:27.090 [TestNG-PoolService-2] LoggerLoad - Current page is :Assessment
[INFO ] 2024-05-05 20:57:24.908 [TestNG-PoolService-1] LoggerLoad - Actual title of current page isOperations in Stack
[INFO ] 2024-05-05 20:57:28.554 [TestNG-PoolService-1] LoggerLoad - Current page is :Assessment
[INFO ] 2024-05-05 20:57:29.189 [TestNG-PoolService-2] LoggerLoad - Actual title of current page isOperations in Stack
[INFO ] 2024-05-05 20:57:37.322 [TestNG-PoolService-2] LoggerLoad - Current page is :Assessment
[INFO ] 2024-05-05 20:59:57.374 [TestNG-PoolService-1] LoggerLoad - Actual title of current page isOperations in Stack
[INFO ] 2024-05-05 21:00:02.614 [TestNG-PoolService-1] LoggerLoad - Current page is :Assessment
[INFO ] 2024-05-05 21:00:05.008 [TestNG-PoolService-2] LoggerLoad - Actual title of current page isOperations in Stack
[INFO ] 2024-05-05 21:00:07.636 [TestNG-PoolService-2] LoggerLoad - Current page is :Assessment
[INFO ] 2024-05-05 21:01:34.326 [TestNG-PoolService-6] LoggerLoad - Actual title of current page isApplications
[INFO ] 2024-05-05 21:01:40.080 [TestNG-PoolService-6] LoggerLoad - Current page is :Assessment
[INFO ] 2024-05-05 21:01:44.221 [TestNG-PoolService-4] LoggerLoad - Actual title of current page isOperations in Stack
[INFO ] 2024-05-05 21:01:48.576 [TestNG-PoolService-4] LoggerLoad - Current page is :Assessment
[INFO ] 2024-05-05 21:01:50.780 [TestNG-PoolService-3] LoggerLoad - Actual title of current page isApplications
[INFO ] 2024-05-05 21:01:53.513 [TestNG-PoolService-2] LoggerLoad - Actual title of current page isImplementation
[INFO ] 2024-05-05 21:01:57.424 [TestNG-PoolService-3] LoggerLoad - Current page is :Assessment
[INFO ] 2024-05-05 21:02:00.506 [TestNG-PoolService-2] LoggerLoad - Current page is :Assessment
[INFO ] 2024-05-05 21:02:01.840 [TestNG-PoolService-1] LoggerLoad - Actual title of current page isOperations in Stack
[INFO ] 2024-05-05 21:02:04.978 [TestNG-PoolService-1] LoggerLoad - Current page is :Assessment
[INFO ] 2024-05-05 21:02:05.198 [TestNG-PoolService-5] LoggerLoad - Actual title of current page isImplementation
[INFO ] 2024-05-05 21:02:08.573 [TestNG-PoolService-5] LoggerLoad - Current page is :Assessment
[INFO ] 2024-05-05 21:53:50.588 [TestNG-PoolService-2] LoggerLoad - Actual title of current page isOperations in Stack
[INFO ] 2024-05-05 21:53:51.555 [TestNG-PoolService-1] LoggerLoad - Actual title of current page isOperations in Stack
[INFO ] 2024-05-05 21:54:52.455 [TestNG-PoolService-2] LoggerLoad - Actual title of current page isOperations in Stack
[INFO ] 2024-05-05 21:54:52.455 [TestNG-PoolService-1] LoggerLoad - Actual title of current page isOperations in Stack
[INFO ] 2024-05-05 21:54:54.165 [TestNG-PoolService-1] LoggerLoad - Current page is :Assessment
[INFO ] 2024-05-05 21:54:54.165 [TestNG-PoolService-2] LoggerLoad - Current page is :Assessment
[INFO ] 2024-05-05 21:56:11.018 [TestNG-PoolService-5] LoggerLoad - Actual title of current page isImplementation
[INFO ] 2024-05-05 21:56:25.559 [TestNG-PoolService-5] LoggerLoad - Current page is :Assessment
[INFO ] 2024-05-05 21:56:29.670 [TestNG-PoolService-4] LoggerLoad - Actual title of current page isOperations in Stack
[INFO ] 2024-05-05 21:56:32.538 [TestNG-PoolService-2] LoggerLoad - Actual title of current page isImplementation
[INFO ] 2024-05-05 21:56:32.576 [TestNG-PoolService-3] LoggerLoad - Actual title of current page isApplications
[INFO ] 2024-05-05 21:56:33.264 [TestNG-PoolService-1] LoggerLoad - Actual title of current page isOperations in Stack
[INFO ] 2024-05-05 21:56:34.574 [TestNG-PoolService-6] LoggerLoad - Actual title of current page isApplications
[INFO ] 2024-05-05 21:56:40.738 [TestNG-PoolService-4] LoggerLoad - Current page is :Assessment
[INFO ] 2024-05-05 21:56:40.810 [TestNG-PoolService-3] LoggerLoad - Current page is :Assessment
[INFO ] 2024-05-05 21:56:41.027 [TestNG-PoolService-1] LoggerLoad - Current page is :Assessment
[INFO ] 2024-05-05 21:56:41.048 [TestNG-PoolService-2] LoggerLoad - Current page is :Assessment
[INFO ] 2024-05-05 21:56:41.169 [TestNG-PoolService-6] LoggerLoad - Current page is :Assessment
[INFO ] 2024-05-05 22:00:51.815 [TestNG-PoolService-8] LoggerLoad - Logged out successfully
[INFO ] 2024-05-05 22:01:06.194 [TestNG-PoolService-9] LoggerLoad - Logged out successfully
[INFO ] 2024-05-05 22:01:17.292 [TestNG-PoolService-7] LoggerLoad - Logged out successfully
[INFO ] 2024-05-05 22:01:18.533 [TestNG-PoolService-1] LoggerLoad - Logged out successfully
[INFO ] 2024-05-05 22:01:29.210 [TestNG-PoolService-5] LoggerLoad - Logged out successfully
[INFO ] 2024-05-05 22:02:03.198 [TestNG-PoolService-2] LoggerLoad - Logged out successfully
[INFO ] 2024-05-05 22:02:32.821 [TestNG-PoolService-9] LoggerLoad - Logged out successfully
[INFO ] 2024-05-06 13:54:18.720 [main] LoggerLoad - Actual title of current page isOperations in Stack
[INFO ] 2024-05-06 13:54:19.847 [main] LoggerLoad - Current page is :Assessment
[INFO ] 2024-05-06 13:54:31.419 [main] LoggerLoad - Actual title of current page isOperations in Stack
[INFO ] 2024-05-06 13:54:32.344 [main] LoggerLoad - Current page is :Assessment
[INFO ] 2024-05-06 13:56:07.382 [main] LoggerLoad - Actual title of current page isOperations in Stack
[INFO ] 2024-05-06 13:56:08.304 [main] LoggerLoad - Current page is :Assessment
[INFO ] 2024-05-06 13:56:21.003 [main] LoggerLoad - Actual title of current page isOperations in Stack
[INFO ] 2024-05-06 13:56:22.359 [main] LoggerLoad - Current page is :Assessment
[WARN ] 2024-05-06 15:10:58.154 [TestNG-PoolService-2] OPCPackage - Unable to call close() on a package that hasn't been fully opened yet
[INFO ] 2024-05-06 15:15:12.226 [TestNG-PoolService-2] LoggerLoad - Actual title of current page isOperations in Stack
[INFO ] 2024-05-06 15:15:12.441 [TestNG-PoolService-1] LoggerLoad - Actual title of current page isOperations in Stack
[INFO ] 2024-05-06 15:15:14.072 [TestNG-PoolService-1] LoggerLoad - Current page is :Assessment
[INFO ] 2024-05-06 15:15:14.325 [TestNG-PoolService-2] LoggerLoad - Current page is :Assessment
[WARN ] 2024-05-06 15:16:05.996 [TestNG-PoolService-1] OPCPackage - Unable to call close() on a package that hasn't been fully opened yet
[INFO ] 2024-05-06 15:52:43.868 [TestNG-PoolService-2] LoggerLoad - Logged out successfully
[INFO ] 2024-05-06 15:54:22.214 [TestNG-PoolService-2] LoggerLoad - Logged out successfully
[INFO ] 2024-05-06 21:02:49.655 [TestNG-PoolService-4] LoggerLoad - Actual title of current page isOperations in Stack
[INFO ] 2024-05-06 21:02:49.655 [TestNG-PoolService-3] LoggerLoad - Actual title of current page isApplications
[INFO ] 2024-05-06 21:02:50.157 [TestNG-PoolService-5] LoggerLoad - Actual title of current page isImplementation
[INFO ] 2024-05-06 21:02:50.905 [TestNG-PoolService-6] LoggerLoad - Actual title of current page isApplications
[INFO ] 2024-05-06 21:02:51.189 [TestNG-PoolService-4] LoggerLoad - Current page is :Assessment
[INFO ] 2024-05-06 21:02:51.330 [TestNG-PoolService-3] LoggerLoad - Current page is :Assessment
[INFO ] 2024-05-06 21:02:52.044 [TestNG-PoolService-6] LoggerLoad - Current page is :Assessment
[INFO ] 2024-05-06 21:02:52.252 [TestNG-PoolService-1] LoggerLoad - Actual title of current page isOperations in Stack
[INFO ] 2024-05-06 21:02:53.498 [TestNG-PoolService-1] LoggerLoad - Current page is :Assessment
[INFO ] 2024-05-06 21:02:55.189 [TestNG-PoolService-5] LoggerLoad - Current page is :Assessment
[INFO ] 2024-05-06 21:04:28.362 [TestNG-PoolService-1] LoggerLoad - Actual title of current page isOperations in Stack
[INFO ] 2024-05-06 21:04:28.674 [TestNG-PoolService-2] LoggerLoad - Actual title of current page isOperations in Stack
[INFO ] 2024-05-06 21:04:30.426 [TestNG-PoolService-1] LoggerLoad - Current page is :Assessment
[INFO ] 2024-05-06 21:04:30.583 [TestNG-PoolService-2] LoggerLoad - Current page is :Assessment
[INFO ] 2024-05-06 21:07:05.759 [TestNG-PoolService-2] LoggerLoad - Actual title of current page isOperations in Stack
[INFO ] 2024-05-06 21:07:05.983 [TestNG-PoolService-1] LoggerLoad - Actual title of current page isOperations in Stack
[INFO ] 2024-05-06 21:07:07.819 [TestNG-PoolService-2] LoggerLoad - Current page is :Assessment
[INFO ] 2024-05-06 21:07:08.026 [TestNG-PoolService-1] LoggerLoad - Current page is :Assessment
[INFO ] 2024-05-06 21:11:42.292 [TestNG-PoolService-1] LoggerLoad - Actual title of current page isOperations in Stack
[INFO ] 2024-05-06 21:11:42.292 [TestNG-PoolService-2] LoggerLoad - Actual title of current page isOperations in Stack
[INFO ] 2024-05-06 21:11:44.003 [TestNG-PoolService-2] LoggerLoad - Current page is :Assessment
[INFO ] 2024-05-06 21:11:44.015 [TestNG-PoolService-1] LoggerLoad - Current page is :Assessment
[INFO ] 2024-05-06 21:14:15.820 [TestNG-PoolService-2] LoggerLoad - Actual title of current page isOperations in Stack
[INFO ] 2024-05-06 21:14:15.945 [TestNG-PoolService-1] LoggerLoad - Actual title of current page isOperations in Stack
[INFO ] 2024-05-06 21:14:17.523 [TestNG-PoolService-2] LoggerLoad - Current page is :Assessment
[INFO ] 2024-05-06 21:14:17.818 [TestNG-PoolService-1] LoggerLoad - Current page is :Assessment
[INFO ] 2024-05-06 21:16:56.865 [TestNG-PoolService-1] LoggerLoad - Actual title of current page isOperations in Stack
[INFO ] 2024-05-06 21:16:57.914 [TestNG-PoolService-1] LoggerLoad - Current page is :Assessment
[INFO ] 2024-05-06 21:19:01.036 [TestNG-PoolService-2] LoggerLoad - Actual title of current page isOperations in Stack
[INFO ] 2024-05-06 21:19:01.036 [TestNG-PoolService-1] LoggerLoad - Actual title of current page isOperations in Stack
[INFO ] 2024-05-06 21:19:03.668 [TestNG-PoolService-1] LoggerLoad - Current page is :Assessment
[INFO ] 2024-05-06 21:19:03.838 [TestNG-PoolService-2] LoggerLoad - Current page is :Assessment
[INFO ] 2024-05-06 21:21:31.760 [TestNG-PoolService-1] LoggerLoad - Actual title of current page isOperations in Stack
[INFO ] 2024-05-06 21:21:32.015 [TestNG-PoolService-2] LoggerLoad - Actual title of current page isOperations in Stack
[INFO ] 2024-05-06 21:21:35.207 [TestNG-PoolService-1] LoggerLoad - Current page is :Assessment
[INFO ] 2024-05-06 21:21:35.818 [TestNG-PoolService-2] LoggerLoad - Current page is :Assessment
[INFO ] 2024-05-06 21:23:12.842 [TestNG-PoolService-1] LoggerLoad - Actual title of current page isOperations in Stack
[INFO ] 2024-05-06 21:23:12.842 [TestNG-PoolService-2] LoggerLoad - Actual title of current page isOperations in Stack
[INFO ] 2024-05-06 21:23:15.475 [TestNG-PoolService-2] LoggerLoad - Current page is :Assessment
[INFO ] 2024-05-06 21:23:15.733 [TestNG-PoolService-1] LoggerLoad - Current page is :Assessment
[INFO ] 2024-05-06 21:26:10.572 [TestNG-PoolService-2] LoggerLoad - Actual title of current page isOperations in Stack
[INFO ] 2024-05-06 21:26:11.170 [TestNG-PoolService-1] LoggerLoad - Actual title of current page isOperations in Stack
[INFO ] 2024-05-06 21:26:12.674 [TestNG-PoolService-2] LoggerLoad - Current page is :Assessment
[INFO ] 2024-05-06 21:26:13.305 [TestNG-PoolService-1] LoggerLoad - Current page is :Assessment
[INFO ] 2024-05-06 21:28:54.351 [TestNG-PoolService-1] LoggerLoad - Actual title of current page isOperations in Stack
[INFO ] 2024-05-06 21:28:55.207 [TestNG-PoolService-1] LoggerLoad - Current page is :Assessment
[INFO ] 2024-05-06 21:30:26.291 [TestNG-PoolService-1] LoggerLoad - Actual title of current page isOperations in Stack
[INFO ] 2024-05-06 21:30:27.022 [TestNG-PoolService-1] LoggerLoad - Current page is :Assessment
[INFO ] 2024-05-06 21:31:37.875 [TestNG-PoolService-2] LoggerLoad - Actual title of current page isImplementation
[INFO ] 2024-05-06 21:31:38.627 [TestNG-PoolService-1] LoggerLoad - Actual title of current page isOperations in Stack
[INFO ] 2024-05-06 21:31:38.637 [TestNG-PoolService-3] LoggerLoad - Actual title of current page isApplications
[INFO ] 2024-05-06 21:31:40.367 [TestNG-PoolService-2] LoggerLoad - Current page is :Assessment
[INFO ] 2024-05-06 21:31:40.775 [TestNG-PoolService-3] LoggerLoad - Current page is :Assessment
[INFO ] 2024-05-06 21:31:40.927 [TestNG-PoolService-1] LoggerLoad - Current page is :Assessment
[INFO ] 2024-05-06 21:36:24.448 [TestNG-PoolService-2] LoggerLoad - Actual title of current page isOperations in Stack
[INFO ] 2024-05-06 21:36:24.734 [TestNG-PoolService-1] LoggerLoad - Actual title of current page isOperations in Stack
[INFO ] 2024-05-06 21:36:26.084 [TestNG-PoolService-2] LoggerLoad - Current page is :Assessment
[INFO ] 2024-05-06 21:36:26.420 [TestNG-PoolService-1] LoggerLoad - Current page is :Assessment
[INFO ] 2024-05-06 21:38:46.065 [TestNG-PoolService-2] LoggerLoad - Actual title of current page isOperations in Stack
[INFO ] 2024-05-06 21:38:46.957 [TestNG-PoolService-1] LoggerLoad - Actual title of current page isOperations in Stack
[INFO ] 2024-05-06 21:38:48.017 [TestNG-PoolService-2] LoggerLoad - Current page is :Assessment
[INFO ] 2024-05-06 21:38:48.464 [TestNG-PoolService-1] LoggerLoad - Current page is :Assessment
[INFO ] 2024-05-06 21:40:11.374 [TestNG-PoolService-1] LoggerLoad - Actual title of current page isOperations in Stack
[INFO ] 2024-05-06 21:40:11.682 [TestNG-PoolService-2] LoggerLoad - Actual title of current page isOperations in Stack
[INFO ] 2024-05-06 21:40:13.418 [TestNG-PoolService-2] LoggerLoad - Current page is :Assessment
[INFO ] 2024-05-06 21:40:14.144 [TestNG-PoolService-1] LoggerLoad - Current page is :Assessment
[INFO ] 2024-05-06 21:41:20.851 [TestNG-PoolService-1] LoggerLoad - Actual title of current page isOperations in Stack
[INFO ] 2024-05-06 21:41:21.597 [TestNG-PoolService-1] LoggerLoad - Current page is :Assessment
[INFO ] 2024-05-06 21:44:14.859 [TestNG-PoolService-1] LoggerLoad - Actual title of current page isOperations in Stack
[INFO ] 2024-05-06 21:44:15.502 [TestNG-PoolService-1] LoggerLoad - Current page is :Assessment
[INFO ] 2024-05-07 10:23:11.973 [TestNG-PoolService-3] LoggerLoad - Actual title of current page isApplications
[INFO ] 2024-05-07 10:23:12.947 [TestNG-PoolService-3] LoggerLoad - Current page is :Assessment
[INFO ] 2024-05-07 10:30:02.325 [TestNG-PoolService-1] LoggerLoad - Actual title of current page isOperations in Stack
[INFO ] 2024-05-07 10:30:03.018 [TestNG-PoolService-1] LoggerLoad - Current page is :Assessment
[INFO ] 2024-05-07 10:30:32.404 [TestNG-PoolService-1] LoggerLoad - Actual title of current page isOperations in Stack
[INFO ] 2024-05-07 10:30:33.272 [TestNG-PoolService-1] LoggerLoad - Current page is :Assessment
[INFO ] 2024-05-07 10:58:03.881 [TestNG-PoolService-1] LoggerLoad - Actual title of current page isOperations in Stack
[INFO ] 2024-05-07 10:58:04.734 [TestNG-PoolService-1] LoggerLoad - Current page is :Assessment
[INFO ] 2024-05-07 10:58:55.004 [TestNG-PoolService-1] LoggerLoad - Actual title of current page isOperations in Stack
[INFO ] 2024-05-07 10:58:56.030 [TestNG-PoolService-1] LoggerLoad - Current page is :Assessment
[INFO ] 2024-05-07 11:24:06.329 [TestNG-PoolService-1] LoggerLoad - Actual title of current page isOperations in Stack
[INFO ] 2024-05-07 11:24:07.199 [TestNG-PoolService-1] LoggerLoad - Current page is :Assessment
[INFO ] 2024-05-07 11:26:57.637 [main] LoggerLoad - Actual title of current page isOperations in Stack
[INFO ] 2024-05-07 11:26:58.498 [main] LoggerLoad - Current page is :Assessment
[INFO ] 2024-05-07 11:28:01.560 [main] LoggerLoad - Actual title of current page isOperations in Stack
[INFO ] 2024-05-07 11:28:02.405 [main] LoggerLoad - Current page is :Assessment
[INFO ] 2024-05-07 11:28:13.675 [main] LoggerLoad - Actual title of current page isOperations in Stack
[INFO ] 2024-05-07 11:28:15.005 [main] LoggerLoad - Current page is :Assessment
[INFO ] 2024-05-07 11:31:07.485 [TestNG-PoolService-1] LoggerLoad - Actual title of current page isOperations in Stack
[INFO ] 2024-05-07 11:31:08.223 [TestNG-PoolService-1] LoggerLoad - Current page is :Assessment
[INFO ] 2024-05-07 11:34:10.863 [TestNG-PoolService-1] LoggerLoad - Actual title of current page isOperations in Stack
[INFO ] 2024-05-07 11:34:11.632 [TestNG-PoolService-1] LoggerLoad - Current page is :Assessment
[INFO ] 2024-05-07 11:34:51.274 [TestNG-PoolService-2] LoggerLoad - Actual title of current page isOperations in Stack
[INFO ] 2024-05-07 11:34:51.935 [TestNG-PoolService-2] LoggerLoad - Current page is :Assessment
[INFO ] 2024-05-07 11:35:51.414 [main] LoggerLoad - Actual title of current page isOperations in Stack
[INFO ] 2024-05-07 11:35:52.114 [main] LoggerLoad - Current page is :Assessment
[INFO ] 2024-05-07 11:35:57.198 [main] LoggerLoad - Actual title of current page isOperations in Stack
[INFO ] 2024-05-07 11:35:57.983 [main] LoggerLoad - Current page is :Assessment
[INFO ] 2024-05-07 12:06:54.078 [TestNG-PoolService-1] LoggerLoad - Actual title of current page isOperations in Stack
[INFO ] 2024-05-07 12:06:54.803 [TestNG-PoolService-1] LoggerLoad - Current page is :Assessment
[INFO ] 2024-05-07 12:08:59.287 [TestNG-PoolService-2] LoggerLoad - Logged out successfully
[INFO ] 2024-05-07 12:20:06.755 [TestNG-PoolService-2] LoggerLoad - Logged out successfully
[INFO ] 2024-05-07 12:21:07.063 [TestNG-PoolService-1] LoggerLoad - Actual title of current page isOperations in Stack
[INFO ] 2024-05-07 12:21:07.891 [TestNG-PoolService-1] LoggerLoad - Current page is :Assessment
[INFO ] 2024-05-07 14:00:21.479 [TestNG-PoolService-1] LoggerLoad - Actual title of current page isOperations in Stack
[INFO ] 2024-05-07 14:00:22.205 [TestNG-PoolService-1] LoggerLoad - Current page is :Assessment
[INFO ] 2024-05-07 14:02:59.100 [TestNG-PoolService-1] LoggerLoad - Actual title of current page isOperations in Stack
[INFO ] 2024-05-07 14:02:59.832 [TestNG-PoolService-1] LoggerLoad - Current page is :Assessment
[INFO ] 2024-05-07 14:04:20.913 [TestNG-PoolService-1] LoggerLoad - Actual title of current page isOperations in Stack
[INFO ] 2024-05-07 14:04:21.661 [TestNG-PoolService-1] LoggerLoad - Current page is :Assessment
[INFO ] 2024-05-07 14:39:13.107 [TestNG-PoolService-1] LoggerLoad - Actual title of current page isOperations in Stack
[INFO ] 2024-05-07 14:39:14.242 [TestNG-PoolService-1] LoggerLoad - Current page is :Assessment
[INFO ] 2024-05-07 14:47:02.884 [TestNG-PoolService-1] LoggerLoad - Actual title of current page isOperations in Stack
[INFO ] 2024-05-07 14:47:03.868 [TestNG-PoolService-1] LoggerLoad - Current page is :Assessment
[INFO ] 2024-05-07 14:49:07.501 [TestNG-PoolService-1] LoggerLoad - Actual title of current page isOperations in Stack
[INFO ] 2024-05-07 14:49:08.339 [TestNG-PoolService-1] LoggerLoad - Current page is :Assessment
[INFO ] 2024-05-07 14:55:52.598 [TestNG-PoolService-1] LoggerLoad - Actual title of current page isOperations in Stack
[INFO ] 2024-05-07 14:55:53.358 [TestNG-PoolService-1] LoggerLoad - Current page is :Assessment
[INFO ] 2024-05-07 14:59:25.308 [main] LoggerLoad - Actual title of current page isOperations in Stack
[INFO ] 2024-05-07 15:07:12.035 [TestNG-PoolService-1] LoggerLoad - Actual title of current page isOperations in Stack
[INFO ] 2024-05-07 15:07:12.824 [TestNG-PoolService-1] LoggerLoad - Current page is :Assessment
[INFO ] 2024-05-07 15:08:25.695 [TestNG-PoolService-2] LoggerLoad - Actual title of current page isOperations in Stack
[INFO ] 2024-05-07 15:08:25.978 [TestNG-PoolService-1] LoggerLoad - Actual title of current page isOperations in Stack
[INFO ] 2024-05-07 15:08:27.652 [TestNG-PoolService-1] LoggerLoad - Current page is :Assessment
[INFO ] 2024-05-07 15:08:27.967 [TestNG-PoolService-2] LoggerLoad - Current page is :Assessment
[INFO ] 2024-05-07 15:10:33.321 [TestNG-PoolService-1] LoggerLoad - Actual title of current page isOperations in Stack
[INFO ] 2024-05-07 15:10:34.059 [TestNG-PoolService-1] LoggerLoad - Current page is :Assessment
[INFO ] 2024-05-07 15:11:33.084 [TestNG-PoolService-2] LoggerLoad - Actual title of current page isImplementation
[INFO ] 2024-05-07 15:11:33.166 [TestNG-PoolService-3] LoggerLoad - Actual title of current page isApplications
[INFO ] 2024-05-07 15:11:34.766 [TestNG-PoolService-2] LoggerLoad - Current page is :Assessment
[INFO ] 2024-05-07 15:11:34.771 [TestNG-PoolService-3] LoggerLoad - Current page is :Assessment
[INFO ] 2024-05-07 15:12:11.849 [main] LoggerLoad - Actual title of current page isOperations in Stack
[INFO ] 2024-05-07 15:12:14.204 [main] LoggerLoad - Current page is :Assessment
[INFO ] 2024-05-07 15:12:30.263 [main] LoggerLoad - Actual title of current page isImplementation
[INFO ] 2024-05-07 15:12:31.731 [main] LoggerLoad - Current page is :Assessment
[INFO ] 2024-05-07 15:12:40.935 [main] LoggerLoad - Actual title of current page isApplications
[INFO ] 2024-05-07 15:12:41.716 [main] LoggerLoad - Current page is :Assessment
[INFO ] 2024-05-07 15:13:25.199 [main] LoggerLoad - Actual title of current page isOperations in Stack
[INFO ] 2024-05-07 15:13:25.941 [main] LoggerLoad - Current page is :Assessment
[INFO ] 2024-05-07 15:13:41.135 [main] LoggerLoad - Actual title of current page isOperations in Stack
[INFO ] 2024-05-07 15:13:42.163 [main] LoggerLoad - Current page is :Assessment
[INFO ] 2024-05-07 15:14:29.907 [main] LoggerLoad - Actual title of current page isOperations in Stack
[INFO ] 2024-05-07 15:14:30.605 [main] LoggerLoad - Current page is :Assessment
[INFO ] 2024-05-07 15:14:41.759 [main] LoggerLoad - Actual title of current page isOperations in Stack
[INFO ] 2024-05-07 15:14:43.571 [main] LoggerLoad - Current page is :Assessment
[INFO ] 2024-05-07 15:15:39.490 [main] LoggerLoad - Actual title of current page isOperations in Stack
[INFO ] 2024-05-07 15:15:40.160 [main] LoggerLoad - Current page is :Assessment
[INFO ] 2024-05-07 15:15:51.092 [main] LoggerLoad - Actual title of current page isImplementation
[INFO ] 2024-05-07 15:15:52.622 [main] LoggerLoad - Current page is :Assessment
[INFO ] 2024-05-07 15:16:00.876 [main] LoggerLoad - Actual title of current page isApplications
[INFO ] 2024-05-07 15:16:01.906 [main] LoggerLoad - Current page is :Assessment
[INFO ] 2024-05-07 15:16:16.116 [main] LoggerLoad - Actual title of current page isOperations in Stack
[INFO ] 2024-05-07 15:16:17.192 [main] LoggerLoad - Current page is :Assessment
[INFO ] 2024-05-07 15:16:25.700 [main] LoggerLoad - Actual title of current page isImplementation
[INFO ] 2024-05-07 15:16:27.019 [main] LoggerLoad - Current page is :Assessment
[INFO ] 2024-05-07 15:16:36.986 [main] LoggerLoad - Actual title of current page isApplications
[INFO ] 2024-05-07 15:16:38.126 [main] LoggerLoad - Current page is :Assessment
[INFO ] 2024-05-07 15:17:16.994 [main] LoggerLoad - Actual title of current page isOperations in Stack
[INFO ] 2024-05-07 15:17:17.671 [main] LoggerLoad - Current page is :Assessment
[INFO ] 2024-05-07 15:17:22.548 [main] LoggerLoad - Actual title of current page isImplementation
[INFO ] 2024-05-07 15:17:23.235 [main] LoggerLoad - Current page is :Assessment
[INFO ] 2024-05-07 15:17:28.773 [main] LoggerLoad - Actual title of current page isApplications
[INFO ] 2024-05-07 15:17:29.614 [main] LoggerLoad - Current page is :Assessment
[INFO ] 2024-05-07 15:17:34.575 [main] LoggerLoad - Actual title of current page isOperations in Stack
[INFO ] 2024-05-07 15:17:35.232 [main] LoggerLoad - Current page is :Assessment
[INFO ] 2024-05-07 15:17:40.247 [main] LoggerLoad - Actual title of current page isImplementation
[INFO ] 2024-05-07 15:17:40.990 [main] LoggerLoad - Current page is :Assessment
[INFO ] 2024-05-07 15:17:45.650 [main] LoggerLoad - Actual title of current page isApplications
[INFO ] 2024-05-07 15:17:46.326 [main] LoggerLoad - Current page is :Assessment
[INFO ] 2024-05-07 15:18:30.383 [main] LoggerLoad - Actual title of current page isOperations in Stack
[INFO ] 2024-05-07 15:18:31.040 [main] LoggerLoad - Current page is :Assessment
[INFO ] 2024-05-07 15:18:36.121 [main] LoggerLoad - Actual title of current page isOperations in Stack
[INFO ] 2024-05-07 15:18:36.695 [main] LoggerLoad - Current page is :Assessment
[INFO ] 2024-05-07 15:18:37.379 [main] LoggerLoad - Logged out successfully
[INFO ] 2024-05-07 16:06:39.305 [TestNG-PoolService-4] LoggerLoad - Logged out successfully
[INFO ] 2024-05-07 16:06:39.562 [TestNG-PoolService-6] LoggerLoad - Logged out successfully
[INFO ] 2024-05-07 16:06:39.909 [TestNG-PoolService-5] LoggerLoad - Logged out successfully
[INFO ] 2024-05-07 16:07:58.293 [TestNG-PoolService-6] LoggerLoad - Logged out successfully
[INFO ] 2024-05-07 16:07:59.500 [TestNG-PoolService-5] LoggerLoad - Logged out successfully
[INFO ] 2024-05-07 16:08:00.075 [TestNG-PoolService-9] LoggerLoad - Logged out successfully
[INFO ] 2024-05-07 16:08:00.943 [TestNG-PoolService-4] LoggerLoad - Logged out successfully
[INFO ] 2024-05-07 16:10:32.465 [TestNG-PoolService-4] LoggerLoad - Logged out successfully
[INFO ] 2024-05-07 16:10:32.492 [TestNG-PoolService-5] LoggerLoad - Logged out successfully
[INFO ] 2024-05-07 16:10:32.512 [TestNG-PoolService-6] LoggerLoad - Logged out successfully
[INFO ] 2024-05-07 16:11:10.022 [TestNG-PoolService-3] LoggerLoad - Logged out successfully
[INFO ] 2024-05-07 16:11:10.044 [TestNG-PoolService-7] LoggerLoad - Logged out successfully
[INFO ] 2024-05-07 16:11:12.380 [TestNG-PoolService-2] LoggerLoad - Logged out successfully
[INFO ] 2024-05-07 16:11:16.476 [TestNG-PoolService-8] LoggerLoad - Logged out successfully
[INFO ] 2024-05-07 16:11:17.946 [TestNG-PoolService-10] LoggerLoad - Logged out successfully
[INFO ] 2024-05-07 16:11:21.542 [TestNG-PoolService-9] LoggerLoad - Logged out successfully
[INFO ] 2024-05-07 16:11:24.818 [TestNG-PoolService-6] LoggerLoad - Logged out successfully
[INFO ] 2024-05-07 16:11:24.907 [TestNG-PoolService-1] LoggerLoad - Logged out successfully
[INFO ] 2024-05-07 16:11:28.873 [TestNG-PoolService-4] LoggerLoad - Logged out successfully
[INFO ] 2024-05-07 16:11:29.470 [TestNG-PoolService-3] LoggerLoad - Logged out successfully
[INFO ] 2024-05-07 16:11:29.655 [TestNG-PoolService-5] LoggerLoad - Logged out successfully
[INFO ] 2024-05-07 16:11:29.788 [TestNG-PoolService-7] LoggerLoad - Logged out successfully
[INFO ] 2024-05-07 16:17:38.318 [TestNG-PoolService-4] LoggerLoad - Logged out successfully
[INFO ] 2024-05-07 16:17:38.648 [TestNG-PoolService-5] LoggerLoad - Logged out successfully
[INFO ] 2024-05-07 16:17:39.309 [TestNG-PoolService-6] LoggerLoad - Logged out successfully
[INFO ] 2024-05-07 16:18:06.759 [TestNG-PoolService-6] LoggerLoad - Logged out successfully
[INFO ] 2024-05-07 16:18:18.161 [TestNG-PoolService-4] LoggerLoad - Logged out successfully
[INFO ] 2024-05-07 16:18:18.347 [TestNG-PoolService-1] LoggerLoad - Logged out successfully
[INFO ] 2024-05-07 16:18:20.743 [TestNG-PoolService-2] LoggerLoad - Logged out successfully
[INFO ] 2024-05-07 16:18:21.411 [TestNG-PoolService-5] LoggerLoad - Logged out successfully
[INFO ] 2024-05-07 16:18:21.583 [TestNG-PoolService-8] LoggerLoad - Logged out successfully
[INFO ] 2024-05-07 16:18:21.657 [TestNG-PoolService-9] LoggerLoad - Logged out successfully
[INFO ] 2024-05-07 16:18:23.938 [TestNG-PoolService-3] LoggerLoad - Logged out successfully
[INFO ] 2024-05-07 16:18:24.423 [TestNG-PoolService-10] LoggerLoad - Logged out successfully
[INFO ] 2024-05-07 16:18:25.550 [TestNG-PoolService-6] LoggerLoad - Logged out successfully
[INFO ] 2024-05-07 16:18:27.053 [TestNG-PoolService-7] LoggerLoad - Logged out successfully
[INFO ] 2024-05-07 16:18:33.102 [TestNG-PoolService-4] LoggerLoad - Logged out successfully
[INFO ] 2024-05-07 16:29:41.122 [TestNG-PoolService-6] LoggerLoad - Logged out successfully
[INFO ] 2024-05-07 16:29:41.122 [TestNG-PoolService-5] LoggerLoad - Logged out successfully
[INFO ] 2024-05-07 16:29:43.146 [TestNG-PoolService-4] LoggerLoad - Logged out successfully
[INFO ] 2024-05-07 16:32:11.090 [TestNG-PoolService-5] LoggerLoad - Logged out successfully
[INFO ] 2024-05-07 16:32:11.645 [TestNG-PoolService-6] LoggerLoad - Logged out successfully
[INFO ] 2024-05-07 16:32:11.715 [TestNG-PoolService-4] LoggerLoad - Logged out successfully
[INFO ] 2024-05-07 16:32:50.150 [TestNG-PoolService-7] LoggerLoad - Logged out successfully
[INFO ] 2024-05-07 16:32:58.343 [TestNG-PoolService-5] LoggerLoad - Logged out successfully
[INFO ] 2024-05-07 16:33:00.075 [TestNG-PoolService-10] LoggerLoad - Logged out successfully
[INFO ] 2024-05-07 16:33:01.190 [TestNG-PoolService-1] LoggerLoad - Logged out successfully
[INFO ] 2024-05-07 16:33:01.161 [TestNG-PoolService-9] LoggerLoad - Logged out successfully
[INFO ] 2024-05-07 16:33:03.046 [TestNG-PoolService-8] LoggerLoad - Logged out successfully
[INFO ] 2024-05-07 16:33:04.514 [TestNG-PoolService-4] LoggerLoad - Logged out successfully
[INFO ] 2024-05-07 16:33:05.991 [TestNG-PoolService-6] LoggerLoad - Logged out successfully
[INFO ] 2024-05-07 16:33:06.094 [TestNG-PoolService-3] LoggerLoad - Logged out successfully
[INFO ] 2024-05-07 16:33:06.337 [TestNG-PoolService-2] LoggerLoad - Logged out successfully
[INFO ] 2024-05-07 16:33:16.741 [TestNG-PoolService-7] LoggerLoad - Logged out successfully
[INFO ] 2024-05-07 16:33:17.078 [TestNG-PoolService-5] LoggerLoad - Logged out successfully
[INFO ] 2024-05-07 21:16:38.235 [TestNG-PoolService-6] LoggerLoad - Logged out successfully
[INFO ] 2024-05-07 21:16:38.489 [TestNG-PoolService-5] LoggerLoad - Logged out successfully
[INFO ] 2024-05-07 21:16:38.515 [TestNG-PoolService-4] LoggerLoad - Logged out successfully
[INFO ] 2024-05-07 21:17:21.047 [TestNG-PoolService-9] LoggerLoad - Logged out successfully
[INFO ] 2024-05-07 21:17:30.738 [TestNG-PoolService-7] LoggerLoad - Logged out successfully
[INFO ] 2024-05-07 21:17:31.524 [TestNG-PoolService-3] LoggerLoad - Logged out successfully
[INFO ] 2024-05-07 21:17:31.690 [TestNG-PoolService-6] LoggerLoad - Logged out successfully
[INFO ] 2024-05-07 21:17:32.445 [TestNG-PoolService-2] LoggerLoad - Logged out successfully
[INFO ] 2024-05-07 21:17:32.478 [TestNG-PoolService-1] LoggerLoad - Logged out successfully
[INFO ] 2024-05-07 21:17:33.388 [TestNG-PoolService-8] LoggerLoad - Logged out successfully
[INFO ] 2024-05-07 21:17:39.046 [TestNG-PoolService-4] LoggerLoad - Logged out successfully
[INFO ] 2024-05-07 21:17:39.916 [TestNG-PoolService-5] LoggerLoad - Logged out successfully
[INFO ] 2024-05-07 21:17:44.441 [TestNG-PoolService-9] LoggerLoad - Logged out successfully
[INFO ] 2024-05-07 21:17:44.742 [TestNG-PoolService-10] LoggerLoad - Logged out successfully
[INFO ] 2024-05-07 21:17:45.397 [TestNG-PoolService-1] LoggerLoad - Logged out successfully
[INFO ] 2024-05-07 21:43:05.004 [TestNG-PoolService-6] LoggerLoad - Logged out successfully
[INFO ] 2024-05-07 21:43:05.005 [TestNG-PoolService-5] LoggerLoad - Logged out successfully
[INFO ] 2024-05-07 21:43:05.099 [TestNG-PoolService-4] LoggerLoad - Logged out successfully
[INFO ] 2024-05-07 21:43:49.248 [TestNG-PoolService-10] LoggerLoad - Logged out successfully
[INFO ] 2024-05-07 21:43:49.539 [TestNG-PoolService-7] LoggerLoad - Logged out successfully
[INFO ] 2024-05-07 21:43:51.356 [TestNG-PoolService-8] LoggerLoad - Logged out successfully
[INFO ] 2024-05-07 21:43:52.298 [TestNG-PoolService-2] LoggerLoad - Logged out successfully
[INFO ] 2024-05-07 21:43:52.558 [TestNG-PoolService-5] LoggerLoad - Logged out successfully
[INFO ] 2024-05-07 21:43:52.581 [TestNG-PoolService-3] LoggerLoad - Logged out successfully
[INFO ] 2024-05-07 21:43:52.606 [TestNG-PoolService-1] LoggerLoad - Logged out successfully
[INFO ] 2024-05-07 21:44:03.097 [TestNG-PoolService-4] LoggerLoad - Logged out successfully
[INFO ] 2024-05-07 21:44:05.110 [TestNG-PoolService-6] LoggerLoad - Logged out successfully
[INFO ] 2024-05-07 21:44:05.190 [TestNG-PoolService-7] LoggerLoad - Logged out successfully
[INFO ] 2024-05-07 21:44:06.038 [TestNG-PoolService-10] LoggerLoad - Logged out successfully
[INFO ] 2024-05-07 21:44:06.329 [TestNG-PoolService-9] LoggerLoad - Logged out successfully
[INFO ] 2024-05-07 22:17:19.852 [TestNG-PoolService-4] LoggerLoad - Logged out successfully
[INFO ] 2024-05-07 22:17:20.019 [TestNG-PoolService-6] LoggerLoad - Logged out successfully
[INFO ] 2024-05-07 22:17:20.136 [TestNG-PoolService-5] LoggerLoad - Logged out successfully
[INFO ] 2024-05-07 22:38:54.259 [TestNG-PoolService-5] LoggerLoad - Logged out successfully
[INFO ] 2024-05-07 22:38:54.260 [TestNG-PoolService-4] LoggerLoad - Logged out successfully
[INFO ] 2024-05-07 22:38:54.326 [TestNG-PoolService-6] LoggerLoad - Logged out successfully
[INFO ] 2024-05-07 22:42:24.555 [TestNG-PoolService-4] LoggerLoad - Logged out successfully
[INFO ] 2024-05-07 22:42:24.574 [TestNG-PoolService-5] LoggerLoad - Logged out successfully
[INFO ] 2024-05-07 22:42:24.936 [TestNG-PoolService-6] LoggerLoad - Logged out successfully
[INFO ] 2024-05-07 22:53:06.256 [TestNG-PoolService-2] LoggerLoad - Logged out successfully
[INFO ] 2024-05-07 22:59:50.600 [TestNG-PoolService-1] LoggerLoad - Actual title of current page is*****Overview of Trees
[INFO ] 2024-05-07 22:59:50.600 [TestNG-PoolService-2] LoggerLoad - Actual title of current page is*****Overview of Trees
[INFO ] 2024-05-07 22:59:53.198 [TestNG-PoolService-2] LoggerLoad - Logged out successfully
[INFO ] 2024-05-07 23:15:21.441 [TestNG-PoolService-1] LoggerLoad - User is on the RegistrationPage
[INFO ] 2024-05-07 23:15:22.777 [TestNG-PoolService-1] LoggerLoad - Please fill out this field.
[INFO ] 2024-05-07 23:20:55.557 [TestNG-PoolService-7] LoggerLoad - User is on the RegistrationPage
[INFO ] 2024-05-07 23:21:00.014 [TestNG-PoolService-9] LoggerLoad - Actual title of current page is*****Terminologies
[INFO ] 2024-05-07 23:21:00.339 [TestNG-PoolService-8] LoggerLoad - Actual title of current page is*****Overview of Trees
[INFO ] 2024-05-07 23:21:02.265 [TestNG-PoolService-10] LoggerLoad - Actual title of current page is*****Types of Trees
[INFO ] 2024-05-07 23:21:03.288 [TestNG-PoolService-7] LoggerLoad - Please fill out this field.
[INFO ] 2024-05-07 23:21:06.052 [TestNG-PoolService-5] LoggerLoad - Logged out successfully
[INFO ] 2024-05-07 23:21:06.130 [TestNG-PoolService-6] LoggerLoad - Logged out successfully
[INFO ] 2024-05-07 23:21:08.275 [TestNG-PoolService-4] LoggerLoad - Logged out successfully
[INFO ] 2024-05-07 23:21:13.360 [TestNG-PoolService-9] LoggerLoad - Actual title of current page is*****Binary Trees
[INFO ] 2024-05-07 23:21:16.058 [TestNG-PoolService-8] LoggerLoad - Actual title of current page is*****Traversals-Illustration
[INFO ] 2024-05-07 23:21:18.871 [TestNG-PoolService-10] LoggerLoad - Actual title of current page is*****Types of Binary Trees
[INFO ] 2024-05-07 23:21:20.292 [TestNG-PoolService-3] LoggerLoad - Actual title of current page is*****Implementation in Python
[INFO ] 2024-05-07 23:21:22.240 [TestNG-PoolService-5] LoggerLoad - Actual title of current page is*****Binary Tree Traversals
[INFO ] 2024-05-07 23:21:25.974 [TestNG-PoolService-2] LoggerLoad - Actual title of current page is*****Applications of Binary trees
[INFO ] 2024-05-07 23:21:26.276 [TestNG-PoolService-7] LoggerLoad - Actual title of current page is*****Binary Search Trees
[INFO ] 2024-05-07 23:21:26.466 [TestNG-PoolService-6] LoggerLoad - Actual title of current page is*****Implementation of Binary Trees
[INFO ] 2024-05-07 23:21:26.948 [TestNG-PoolService-1] LoggerLoad - Actual title of current page is*****Implementation Of BST
[INFO ] 2024-05-07 23:21:30.613 [TestNG-PoolService-4] LoggerLoad - Actual title of current page is*****Overview of Trees
[INFO ] 2024-05-07 23:21:31.740 [TestNG-PoolService-9] LoggerLoad - Actual title of current page is*****Terminologies
[INFO ] 2024-05-07 23:21:33.677 [TestNG-PoolService-4] LoggerLoad - Logged out successfully
[INFO ] 2024-05-07 23:21:33.678 [TestNG-PoolService-9] LoggerLoad - Logged out successfully
[INFO ] 2024-05-07 23:21:36.092 [TestNG-PoolService-10] LoggerLoad - Actual title of current page is*****Traversals-Illustration
[INFO ] 2024-05-07 23:21:37.013 [TestNG-PoolService-8] LoggerLoad - Actual title of current page is*****Types of Trees
[INFO ] 2024-05-07 23:21:41.509 [TestNG-PoolService-10] LoggerLoad - Logged out successfully
[INFO ] 2024-05-07 23:21:42.069 [TestNG-PoolService-8] LoggerLoad - Logged out successfully
[INFO ] 2024-05-07 23:21:42.350 [TestNG-PoolService-5] LoggerLoad - Actual title of current page is*****Types of Binary Trees
[INFO ] 2024-05-07 23:21:44.453 [TestNG-PoolService-3] LoggerLoad - Actual title of current page is*****Binary Trees
[INFO ] 2024-05-07 23:21:45.436 [TestNG-PoolService-5] LoggerLoad - Logged out successfully
[INFO ] 2024-05-07 23:21:45.586 [TestNG-PoolService-6] LoggerLoad - Actual title of current page is*****Binary Tree Traversals
[INFO ] 2024-05-07 23:21:47.110 [TestNG-PoolService-7] LoggerLoad - Actual title of current page is*****Implementation in Python
[INFO ] 2024-05-07 23:21:47.465 [TestNG-PoolService-3] LoggerLoad - Logged out successfully
[INFO ] 2024-05-07 23:21:48.130 [TestNG-PoolService-6] LoggerLoad - Logged out successfully
[INFO ] 2024-05-07 23:21:48.526 [TestNG-PoolService-1] LoggerLoad - Actual title of current page is*****Implementation of Binary Trees
[INFO ] 2024-05-07 23:21:49.481 [TestNG-PoolService-7] LoggerLoad - Logged out successfully
[INFO ] 2024-05-07 23:21:50.653 [TestNG-PoolService-2] LoggerLoad - Actual title of current page is*****Applications of Binary trees
[INFO ] 2024-05-07 23:21:50.773 [TestNG-PoolService-1] LoggerLoad - Logged out successfully
[INFO ] 2024-05-07 23:21:52.138 [TestNG-PoolService-2] LoggerLoad - Logged out successfully
[INFO ] 2024-05-07 23:21:52.339 [TestNG-PoolService-9] LoggerLoad - Actual title of current page is*****Binary Search Trees
[INFO ] 2024-05-07 23:21:52.501 [TestNG-PoolService-4] LoggerLoad - Actual title of current page is*****Implementation Of BST
[INFO ] 2024-05-07 23:21:53.721 [TestNG-PoolService-9] LoggerLoad - Logged out successfully
[INFO ] 2024-05-07 23:21:53.805 [TestNG-PoolService-4] LoggerLoad - Logged out successfully
[INFO ] 2024-05-07 23:31:35.045 [TestNG-PoolService-7] LoggerLoad - User is on the RegistrationPage
[INFO ] 2024-05-07 23:31:40.385 [TestNG-PoolService-9] LoggerLoad - Actual title of current page is*****Terminologies
[INFO ] 2024-05-07 23:31:40.410 [TestNG-PoolService-7] LoggerLoad - Please fill out this field.
[INFO ] 2024-05-07 23:31:41.106 [TestNG-PoolService-8] LoggerLoad - Actual title of current page is*****Overview of Trees
[INFO ] 2024-05-07 23:31:42.201 [TestNG-PoolService-10] LoggerLoad - Actual title of current page is*****Types of Trees
[INFO ] 2024-05-07 23:31:45.093 [TestNG-PoolService-6] LoggerLoad - Logged out successfully
[INFO ] 2024-05-07 23:31:45.492 [TestNG-PoolService-4] LoggerLoad - Logged out successfully
[INFO ] 2024-05-07 23:31:46.127 [TestNG-PoolService-5] LoggerLoad - Logged out successfully
[INFO ] 2024-05-07 23:31:54.619 [TestNG-PoolService-9] LoggerLoad - Actual title of current page is*****Traversals-Illustration
[INFO ] 2024-05-07 23:31:56.509 [TestNG-PoolService-6] LoggerLoad - Actual title of current page is*****Implementation in Python
[INFO ] 2024-05-07 23:31:56.536 [TestNG-PoolService-8] LoggerLoad - Actual title of current page is*****Binary Trees
[INFO ] 2024-05-07 23:31:56.604 [TestNG-PoolService-10] LoggerLoad - Actual title of current page is*****Types of Binary Trees
[INFO ] 2024-05-07 23:31:59.268 [TestNG-PoolService-4] LoggerLoad - Actual title of current page is*****Implementation of Binary Trees
[INFO ] 2024-05-07 23:31:59.825 [TestNG-PoolService-5] LoggerLoad - Actual title of current page is*****Binary Tree Traversals
[INFO ] 2024-05-07 23:32:05.198 [TestNG-PoolService-7] LoggerLoad - Actual title of current page is*****Applications of Binary trees
[INFO ] 2024-05-07 23:32:07.894 [TestNG-PoolService-2] LoggerLoad - Actual title of current page is*****Implementation Of BST
[INFO ] 2024-05-07 23:32:09.991 [TestNG-PoolService-1] LoggerLoad - Actual title of current page is*****Binary Search Trees
[INFO ] 2024-05-07 23:32:10.266 [TestNG-PoolService-3] LoggerLoad - Actual title of current page is*****Overview of Trees
[INFO ] 2024-05-07 23:32:14.043 [TestNG-PoolService-9] LoggerLoad - Actual title of current page is*****Terminologies
[INFO ] 2024-05-07 23:32:14.078 [TestNG-PoolService-3] LoggerLoad - Logged out successfully
[INFO ] 2024-05-07 23:32:15.272 [TestNG-PoolService-10] LoggerLoad - Actual title of current page is*****Types of Trees
[INFO ] 2024-05-07 23:32:15.501 [TestNG-PoolService-8] LoggerLoad - Actual title of current page is*****Traversals-Illustration
[INFO ] 2024-05-07 23:32:16.200 [TestNG-PoolService-4] LoggerLoad - Actual title of current page is*****Binary Trees
[INFO ] 2024-05-07 23:32:17.895 [TestNG-PoolService-9] LoggerLoad - Logged out successfully
[INFO ] 2024-05-07 23:32:18.315 [TestNG-PoolService-10] LoggerLoad - Logged out successfully
[INFO ] 2024-05-07 23:32:18.825 [TestNG-PoolService-5] LoggerLoad - Actual title of current page is*****Implementation in Python
[INFO ] 2024-05-07 23:32:18.832 [TestNG-PoolService-4] LoggerLoad - Logged out successfully
[INFO ] 2024-05-07 23:32:18.848 [TestNG-PoolService-8] LoggerLoad - Logged out successfully
[INFO ] 2024-05-07 23:32:18.921 [TestNG-PoolService-6] LoggerLoad - Actual title of current page is*****Types of Binary Trees
[INFO ] 2024-05-07 23:32:21.256 [TestNG-PoolService-5] LoggerLoad - Logged out successfully
[INFO ] 2024-05-07 23:32:21.332 [TestNG-PoolService-6] LoggerLoad - Logged out successfully
[INFO ] 2024-05-07 23:32:25.180 [TestNG-PoolService-7] LoggerLoad - Actual title of current page is*****Binary Tree Traversals
[INFO ] 2024-05-07 23:32:25.804 [TestNG-PoolService-2] LoggerLoad - Actual title of current page is*****Implementation of Binary Trees
[INFO ] 2024-05-07 23:32:27.587 [TestNG-PoolService-7] LoggerLoad - Logged out successfully
[INFO ] 2024-05-07 23:32:27.758 [TestNG-PoolService-2] LoggerLoad - Logged out successfully
[INFO ] 2024-05-07 23:32:28.138 [TestNG-PoolService-1] LoggerLoad - Actual title of current page is*****Applications of Binary trees
[INFO ] 2024-05-07 23:32:29.207 [TestNG-PoolService-3] LoggerLoad - Actual title of current page is*****Binary Search Trees
[INFO ] 2024-05-07 23:32:29.309 [TestNG-PoolService-9] LoggerLoad - Actual title of current page is*****Implementation Of BST
[INFO ] 2024-05-07 23:32:29.556 [TestNG-PoolService-1] LoggerLoad - Logged out successfully
[INFO ] 2024-05-07 23:32:30.640 [TestNG-PoolService-3] LoggerLoad - Logged out successfully
[INFO ] 2024-05-07 23:32:30.683 [TestNG-PoolService-9] LoggerLoad - Logged out successfully
